# JRE version: OpenJDK Runtime Environment (8.0_292-b10) (build 1.8.0_292-b10)
# Java VM: OpenJDK 64-Bit Server VM (25.292-b10 mixed mode windows-amd64 compressed oops)
Heap:
 PSYoungGen      total 1257984K, used 503301K [0x000000076ab00000, 0x00000007bfa80000, 0x00000007c0000000)
  eden space 1220608K, 38% used [0x000000076ab00000,0x000000078720bc00,0x00000007b5300000)
  from space 37376K, 99% used [0x00000007b5300000,0x00000007b7775868,0x00000007b7780000)
  to   space 83456K, 0% used [0x00000007ba900000,0x00000007ba900000,0x00000007bfa80000)
 ParOldGen       total 445952K, used 316358K [0x00000006c0000000, 0x00000006db380000, 0x000000076ab00000)
  object space 445952K, 70% used [0x00000006c0000000,0x00000006d34f1938,0x00000006db380000)
 Metaspace       used 137008K, capacity 146114K, committed 147968K, reserved 1177600K
  class space    used 17486K, capacity 19315K, committed 19968K, reserved 1048576K
GC Heap History (10 events):
Event: 5984.750 GC heap before
{Heap before GC invocations=29 (full 6):
 PSYoungGen      total 1124352K, used 1061783K [0x000000076ab00000, 0x00000007b5100000, 0x00000007c0000000)
  eden space 1028608K, 100% used [0x000000076ab00000,0x00000007a9780000,0x00000007a9780000)
  from space 95744K, 34% used [0x00000007af080000,0x00000007b10e5d78,0x00000007b4e00000)
  to   space 91136K, 0% used [0x00000007a9780000,0x00000007a9780000,0x00000007af080000)
 ParOldGen       total 445952K, used 265943K [0x00000006c0000000, 0x00000006db380000, 0x000000076ab00000)
  object space 445952K, 59% used [0x00000006c0000000,0x00000006d03b5d50,0x00000006db380000)
 Metaspace       used 128650K, capacity 137554K, committed 139904K, reserved 1169408K
  class space    used 16727K, capacity 18507K, committed 19328K, reserved 1048576K
Event: 5984.899 GC heap after
Heap after GC invocations=29 (full 6):
 PSYoungGen      total 1119744K, used 23190K [0x000000076ab00000, 0x00000007bf680000, 0x00000007c0000000)
  eden space 1028608K, 0% used [0x000000076ab00000,0x000000076ab00000,0x00000007a9780000)
  from space 91136K, 25% used [0x00000007a9780000,0x00000007aae25888,0x00000007af080000)
  to   space 88576K, 0% used [0x00000007ba000000,0x00000007ba000000,0x00000007bf680000)
 ParOldGen       total 445952K, used 283846K [0x00000006c0000000, 0x00000006db380000, 0x000000076ab00000)
  object space 445952K, 63% used [0x00000006c0000000,0x00000006d15318d0,0x00000006db380000)
 Metaspace       used 128650K, capacity 137554K, committed 139904K, reserved 1169408K
  class space    used 16727K, capacity 18507K, committed 19328K, reserved 1048576K
}
Event: 5986.253 GC heap before
{Heap before GC invocations=30 (full 6):
 PSYoungGen      total 1119744K, used 1051798K [0x000000076ab00000, 0x00000007bf680000, 0x00000007c0000000)
  eden space 1028608K, 100% used [0x000000076ab00000,0x00000007a9780000,0x00000007a9780000)
  from space 91136K, 25% used [0x00000007a9780000,0x00000007aae25888,0x00000007af080000)
  to   space 88576K, 0% used [0x00000007ba000000,0x00000007ba000000,0x00000007bf680000)
 ParOldGen       total 445952K, used 283846K [0x00000006c0000000, 0x00000006db380000, 0x000000076ab00000)
  object space 445952K, 63% used [0x00000006c0000000,0x00000006d15318d0,0x00000006db380000)
 Metaspace       used 128771K, capacity 137670K, committed 139904K, reserved 1169408K
  class space    used 16734K, capacity 18515K, committed 19328K, reserved 1048576K
Event: 5986.320 GC heap after
Heap after GC invocations=30 (full 6):
 PSYoungGen      total 1302528K, used 39304K [0x000000076ab00000, 0x00000007bf580000, 0x00000007c0000000)
  eden space 1214976K, 0% used [0x000000076ab00000,0x000000076ab00000,0x00000007b4d80000)
  from space 87552K, 44% used [0x00000007ba000000,0x00000007bc662328,0x00000007bf580000)
  to   space 84480K, 0% used [0x00000007b4d80000,0x00000007b4d80000,0x00000007ba000000)
 ParOldGen       total 445952K, used 295716K [0x00000006c0000000, 0x00000006db380000, 0x000000076ab00000)
  object space 445952K, 66% used [0x00000006c0000000,0x00000006d20c9168,0x00000006db380000)
 Metaspace       used 128771K, capacity 137670K, committed 139904K, reserved 1169408K
  class space    used 16734K, capacity 18515K, committed 19328K, reserved 1048576K
}
Event: 5989.522 GC heap before
{Heap before GC invocations=31 (full 6):
 PSYoungGen      total 1302528K, used 1254280K [0x000000076ab00000, 0x00000007bf580000, 0x00000007c0000000)
  eden space 1214976K, 100% used [0x000000076ab00000,0x00000007b4d80000,0x00000007b4d80000)
  from space 87552K, 44% used [0x00000007ba000000,0x00000007bc662328,0x00000007bf580000)
  to   space 84480K, 0% used [0x00000007b4d80000,0x00000007b4d80000,0x00000007ba000000)
 ParOldGen       total 445952K, used 295716K [0x00000006c0000000, 0x00000006db380000, 0x000000076ab00000)
  object space 445952K, 66% used [0x00000006c0000000,0x00000006d20c9168,0x00000006db380000)
 Metaspace       used 128906K, capacity 137812K, committed 140160K, reserved 1169408K
  class space    used 16756K, capacity 18542K, committed 19328K, reserved 1048576K
Event: 5989.575 GC heap after
Heap after GC invocations=31 (full 6):
 PSYoungGen      total 1299456K, used 12013K [0x000000076ab00000, 0x00000007bfc00000, 0x00000007c0000000)
  eden space 1214976K, 0% used [0x000000076ab00000,0x000000076ab00000,0x00000007b4d80000)
  from space 84480K, 14% used [0x00000007b4d80000,0x00000007b593b668,0x00000007ba000000)
  to   space 83968K, 0% used [0x00000007baa00000,0x00000007baa00000,0x00000007bfc00000)
 ParOldGen       total 445952K, used 307131K [0x00000006c0000000, 0x00000006db380000, 0x000000076ab00000)
  object space 445952K, 68% used [0x00000006c0000000,0x00000006d2beedd8,0x00000006db380000)
 Metaspace       used 128906K, capacity 137812K, committed 140160K, reserved 1169408K
  class space    used 16756K, capacity 18542K, committed 19328K, reserved 1048576K
}
Event: 5991.899 GC heap before
{Heap before GC invocations=32 (full 6):
 PSYoungGen      total 1299456K, used 1226989K [0x000000076ab00000, 0x00000007bfc00000, 0x00000007c0000000)
  eden space 1214976K, 100% used [0x000000076ab00000,0x00000007b4d80000,0x00000007b4d80000)
  from space 84480K, 14% used [0x00000007b4d80000,0x00000007b593b668,0x00000007ba000000)
  to   space 83968K, 0% used [0x00000007baa00000,0x00000007baa00000,0x00000007bfc00000)
 ParOldGen       total 445952K, used 307131K [0x00000006c0000000, 0x00000006db380000, 0x000000076ab00000)
  object space 445952K, 68% used [0x00000006c0000000,0x00000006d2beedd8,0x00000006db380000)
 Metaspace       used 128948K, capacity 137888K, committed 140160K, reserved 1169408K
  class space    used 16758K, capacity 18544K, committed 19328K, reserved 1048576K
Event: 5991.964 GC heap after
Heap after GC invocations=32 (full 6):
 PSYoungGen      total 1304576K, used 60448K [0x000000076ab00000, 0x00000007c0000000, 0x00000007c0000000)
  eden space 1220608K, 0% used [0x000000076ab00000,0x000000076ab00000,0x00000007b5300000)
  from space 83968K, 71% used [0x00000007baa00000,0x00000007be5080a8,0x00000007bfc00000)
  to   space 88576K, 0% used [0x00000007b5300000,0x00000007b5300000,0x00000007ba980000)
 ParOldGen       total 445952K, used 311826K [0x00000006c0000000, 0x00000006db380000, 0x000000076ab00000)
  object space 445952K, 69% used [0x00000006c0000000,0x00000006d30848b8,0x00000006db380000)
 Metaspace       used 128948K, capacity 137888K, committed 140160K, reserved 1169408K
  class space    used 16758K, capacity 18544K, committed 19328K, reserved 1048576K
}
Event: 5997.467 GC heap before
{Heap before GC invocations=33 (full 6):
 PSYoungGen      total 1304576K, used 1281056K [0x000000076ab00000, 0x00000007c0000000, 0x00000007c0000000)
  eden space 1220608K, 100% used [0x000000076ab00000,0x00000007b5300000,0x00000007b5300000)
  from space 83968K, 71% used [0x00000007baa00000,0x00000007be5080a8,0x00000007bfc00000)
  to   space 88576K, 0% used [0x00000007b5300000,0x00000007b5300000,0x00000007ba980000)
 ParOldGen       total 445952K, used 311826K [0x00000006c0000000, 0x00000006db380000, 0x000000076ab00000)
  object space 445952K, 69% used [0x00000006c0000000,0x00000006d30848b8,0x00000006db380000)
 Metaspace       used 135831K, capacity 144890K, committed 146944K, reserved 1175552K
  class space    used 17370K, capacity 19185K, committed 19968K, reserved 1048576K
Event: 5997.504 GC heap after
Heap after GC invocations=33 (full 6):
 PSYoungGen      total 1257984K, used 37334K [0x000000076ab00000, 0x00000007bfa80000, 0x00000007c0000000)
  eden space 1220608K, 0% used [0x000000076ab00000,0x000000076ab00000,0x00000007b5300000)
  from space 37376K, 99% used [0x00000007b5300000,0x00000007b7775868,0x00000007b7780000)
  to   space 83456K, 0% used [0x00000007ba900000,0x00000007ba900000,0x00000007bfa80000)
 ParOldGen       total 445952K, used 316358K [0x00000006c0000000, 0x00000006db380000, 0x000000076ab00000)
  object space 445952K, 70% used [0x00000006c0000000,0x00000006d34f1938,0x00000006db380000)
 Metaspace       used 135831K, capacity 144890K, committed 146944K, reserved 1175552K
  class space    used 17370K, capacity 19185K, committed 19968K, reserved 1048576K
}

